{"/Users/danielgalindo/Desktop/Microverse Directory/tv-shows/src/modules/element-info.js": {"path":"/Users/danielgalindo/Desktop/Microverse Directory/tv-shows/src/modules/element-info.js","statementMap":{"0":{"start":{"line":5,"column":21},"end":{"line":8,"column":3}},"1":{"start":{"line":6,"column":24},"end":{"line":6,"column":63}},"2":{"start":{"line":7,"column":4},"end":{"line":7,"column":41}},"3":{"start":{"line":10,"column":22},"end":{"line":59,"column":3}},"4":{"start":{"line":11,"column":26},"end":{"line":11,"column":67}},"5":{"start":{"line":12,"column":17},"end":{"line":12,"column":46}},"6":{"start":{"line":13,"column":4},"end":{"line":13,"column":31}},"7":{"start":{"line":15,"column":27},"end":{"line":15,"column":56}},"8":{"start":{"line":16,"column":4},"end":{"line":16,"column":52}},"9":{"start":{"line":17,"column":18},"end":{"line":17,"column":47}},"10":{"start":{"line":18,"column":4},"end":{"line":18,"column":38}},"11":{"start":{"line":19,"column":4},"end":{"line":19,"column":23}},"12":{"start":{"line":20,"column":21},"end":{"line":20,"column":50}},"13":{"start":{"line":21,"column":4},"end":{"line":21,"column":40}},"14":{"start":{"line":23,"column":22},"end":{"line":23,"column":50}},"15":{"start":{"line":24,"column":4},"end":{"line":24,"column":42}},"16":{"start":{"line":25,"column":4},"end":{"line":25,"column":32}},"17":{"start":{"line":27,"column":27},"end":{"line":27,"column":56}},"18":{"start":{"line":28,"column":4},"end":{"line":28,"column":52}},"19":{"start":{"line":29,"column":24},"end":{"line":29,"column":54}},"20":{"start":{"line":30,"column":4},"end":{"line":30,"column":35}},"21":{"start":{"line":33,"column":24},"end":{"line":36,"column":5}},"22":{"start":{"line":34,"column":27},"end":{"line":34,"column":48}},"23":{"start":{"line":35,"column":6},"end":{"line":35,"column":74}},"24":{"start":{"line":38,"column":22},"end":{"line":38,"column":49}},"25":{"start":{"line":39,"column":4},"end":{"line":39,"column":52}},"26":{"start":{"line":41,"column":27},"end":{"line":41,"column":59}},"27":{"start":{"line":42,"column":4},"end":{"line":42,"column":52}},"28":{"start":{"line":43,"column":4},"end":{"line":43,"column":44}},"29":{"start":{"line":46,"column":4},"end":{"line":50,"column":7}},"30":{"start":{"line":47,"column":6},"end":{"line":47,"column":25}},"31":{"start":{"line":48,"column":6},"end":{"line":48,"column":20}},"32":{"start":{"line":49,"column":6},"end":{"line":49,"column":28}},"33":{"start":{"line":53,"column":4},"end":{"line":53,"column":31}},"34":{"start":{"line":54,"column":4},"end":{"line":54,"column":58}},"35":{"start":{"line":56,"column":4},"end":{"line":56,"column":33}},"36":{"start":{"line":57,"column":4},"end":{"line":57,"column":47}},"37":{"start":{"line":58,"column":4},"end":{"line":58,"column":50}}},"fnMap":{"0":{"name":"(anonymous_0)","decl":{"start":{"line":5,"column":21},"end":{"line":5,"column":22}},"loc":{"start":{"line":5,"column":32},"end":{"line":8,"column":3}},"line":5},"1":{"name":"(anonymous_1)","decl":{"start":{"line":10,"column":22},"end":{"line":10,"column":23}},"loc":{"start":{"line":10,"column":64},"end":{"line":59,"column":3}},"line":10},"2":{"name":"(anonymous_2)","decl":{"start":{"line":33,"column":24},"end":{"line":33,"column":25}},"loc":{"start":{"line":33,"column":30},"end":{"line":36,"column":5}},"line":33},"3":{"name":"(anonymous_3)","decl":{"start":{"line":46,"column":40},"end":{"line":46,"column":41}},"loc":{"start":{"line":46,"column":53},"end":{"line":50,"column":5}},"line":46}},"branchMap":{"0":{"loc":{"start":{"line":35,"column":30},"end":{"line":35,"column":73}},"type":"cond-expr","locations":[{"start":{"line":35,"column":45},"end":{"line":35,"column":69}},{"start":{"line":35,"column":72},"end":{"line":35,"column":73}}],"line":35}},"s":{"0":1,"1":1,"2":1,"3":1,"4":0,"5":0,"6":0,"7":0,"8":0,"9":0,"10":0,"11":0,"12":0,"13":0,"14":0,"15":0,"16":0,"17":0,"18":0,"19":0,"20":0,"21":0,"22":0,"23":0,"24":0,"25":0,"26":0,"27":0,"28":0,"29":0,"30":0,"31":0,"32":0,"33":0,"34":0,"35":0,"36":0,"37":0},"f":{"0":1,"1":0,"2":0,"3":0},"b":{"0":[0,0]},"_coverageSchema":"1a1c01bbd47fc00a2c39e90264f33305004495a9","hash":"8b15a8becce93024aa52b2c7c581667205443688"}
,"/Users/danielgalindo/Desktop/Microverse Directory/tv-shows/src/modules/likes/postLikes.js": {"path":"/Users/danielgalindo/Desktop/Microverse Directory/tv-shows/src/modules/likes/postLikes.js","statementMap":{"0":{"start":{"line":2,"column":16},"end":{"line":14,"column":1}},"1":{"start":{"line":3,"column":19},"end":{"line":11,"column":4}},"2":{"start":{"line":12,"column":23},"end":{"line":12,"column":44}},"3":{"start":{"line":13,"column":2},"end":{"line":13,"column":22}}},"fnMap":{"0":{"name":"(anonymous_0)","decl":{"start":{"line":2,"column":16},"end":{"line":2,"column":17}},"loc":{"start":{"line":2,"column":30},"end":{"line":14,"column":1}},"line":2}},"branchMap":{},"s":{"0":1,"1":0,"2":0,"3":0},"f":{"0":0},"b":{},"_coverageSchema":"1a1c01bbd47fc00a2c39e90264f33305004495a9","hash":"83077df0a51c6b8b9b42e2e7050096e0c65a8a81"}
,"/Users/danielgalindo/Desktop/Microverse Directory/tv-shows/src/modules/test/setup.js": {"path":"/Users/danielgalindo/Desktop/Microverse Directory/tv-shows/src/modules/test/setup.js","statementMap":{"0":{"start":{"line":1,"column":18},"end":{"line":44,"column":1}}},"fnMap":{},"branchMap":{},"s":{"0":1},"f":{},"b":{},"_coverageSchema":"1a1c01bbd47fc00a2c39e90264f33305004495a9","hash":"ec65606f30e06f4ba3ae17bb32fb2d184409fc59"}
,"/Users/danielgalindo/Desktop/Microverse Directory/tv-shows/src/modules/test/shows.js": {"path":"/Users/danielgalindo/Desktop/Microverse Directory/tv-shows/src/modules/test/shows.js","statementMap":{"0":{"start":{"line":2,"column":14},"end":{"line":14058,"column":1}}},"fnMap":{},"branchMap":{},"s":{"0":1},"f":{},"b":{},"_coverageSchema":"1a1c01bbd47fc00a2c39e90264f33305004495a9","hash":"e49ce1c862b4b2370d8ec441984bd98b8c4da483"}
}
